빌드 시작: 2018-06-09 오전 10:10:12
     1>2 노드의 "C:\Users\USER\Desktop\삭제 마시오\프로그래밍\테스팅\매입 매출 관리프로그램\매입 매출 관리프로그램\매입 매출 관리프로그램.vcxproj" 프로젝트(Build 대상)입니다.
     1>ClCompile:
         C:\Program Files (x86)\Microsoft Visual Studio 14.0\VC\bin\CL.exe /c /ZI /nologo /W3 /WX- /sdl /Od /Oy- /D WIN32 /D _DEBUG /D _CONSOLE /D _UNICODE /D UNICODE /Gm /EHsc /RTC1 /MDd /GS /fp:precise /Zc:wchar_t /Zc:forScope /Zc:inline /Yu"stdafx.h" /Fp"Debug\매입 매출 관리프로그램.pch" /Fo"Debug\\" /Fd"Debug\vc140.pdb" /Gd /TP /analyze- /errorReport:prompt "매입 매출 관리프로그램.cpp"
         매입 매출 관리프로그램.cpp
     1>c:\users\user\desktop\삭제 마시오\프로그래밍\테스팅\매입 매출 관리프로그램\매입 매출 관리프로그램\매입 매출 관리프로그램.cpp(46): warning C4477: 'scanf_s' : format string '%d' requires an argument of type 'int *', but variadic argument 3 has type 'int'
     1>c:\users\user\desktop\삭제 마시오\프로그래밍\테스팅\매입 매출 관리프로그램\매입 매출 관리프로그램\매입 매출 관리프로그램.cpp(46): warning C4477: 'scanf_s' : format string '%d' requires an argument of type 'int *', but variadic argument 4 has type 'int'
     1>c:\users\user\desktop\삭제 마시오\프로그래밍\테스팅\매입 매출 관리프로그램\매입 매출 관리프로그램\매입 매출 관리프로그램.cpp(46): warning C4477: 'scanf_s' : format string '%d' requires an argument of type 'int *', but variadic argument 5 has type 'int'
     1>c:\users\user\desktop\삭제 마시오\프로그래밍\테스팅\매입 매출 관리프로그램\매입 매출 관리프로그램\매입 매출 관리프로그램.cpp(46): warning C4477: 'scanf_s' : format string '%d' requires an argument of type 'int *', but variadic argument 6 has type 'int'
     1>c:\users\user\desktop\삭제 마시오\프로그래밍\테스팅\매입 매출 관리프로그램\매입 매출 관리프로그램\매입 매출 관리프로그램.cpp(46): warning C4473: 'scanf_s': 서식 문자열에 대한 인수가 충분하게 전달되지 않았습니다.
         c:\users\user\desktop\삭제 마시오\프로그래밍\테스팅\매입 매출 관리프로그램\매입 매출 관리프로그램\매입 매출 관리프로그램.cpp(46): note: placeholders and their parameters expect 7 variadic arguments, but 6 were provided
         c:\users\user\desktop\삭제 마시오\프로그래밍\테스팅\매입 매출 관리프로그램\매입 매출 관리프로그램\매입 매출 관리프로그램.cpp(46): note: the missing variadic argument 7 is required by format string '%d'
     1>c:\users\user\desktop\삭제 마시오\프로그래밍\테스팅\매입 매출 관리프로그램\매입 매출 관리프로그램\매입 매출 관리프로그램.cpp(55): warning C4473: 'scanf_s': 서식 문자열에 대한 인수가 충분하게 전달되지 않았습니다.
         c:\users\user\desktop\삭제 마시오\프로그래밍\테스팅\매입 매출 관리프로그램\매입 매출 관리프로그램\매입 매출 관리프로그램.cpp(55): note: placeholders and their parameters expect 2 variadic arguments, but 1 were provided
         c:\users\user\desktop\삭제 마시오\프로그래밍\테스팅\매입 매출 관리프로그램\매입 매출 관리프로그램\매입 매출 관리프로그램.cpp(55): note: the missing variadic argument 2 is required by format string '%s'
         c:\users\user\desktop\삭제 마시오\프로그래밍\테스팅\매입 매출 관리프로그램\매입 매출 관리프로그램\매입 매출 관리프로그램.cpp(55): note: this argument is used as a buffer size
     1>c:\users\user\desktop\삭제 마시오\프로그래밍\테스팅\매입 매출 관리프로그램\매입 매출 관리프로그램\매입 매출 관리프로그램.cpp(80): warning C4473: 'scanf_s': 서식 문자열에 대한 인수가 충분하게 전달되지 않았습니다.
         c:\users\user\desktop\삭제 마시오\프로그래밍\테스팅\매입 매출 관리프로그램\매입 매출 관리프로그램\매입 매출 관리프로그램.cpp(80): note: placeholders and their parameters expect 3 variadic arguments, but 2 were provided
         c:\users\user\desktop\삭제 마시오\프로그래밍\테스팅\매입 매출 관리프로그램\매입 매출 관리프로그램\매입 매출 관리프로그램.cpp(80): note: the missing variadic argument 3 is required by format string '%d'
     1>c:\users\user\desktop\삭제 마시오\프로그래밍\테스팅\매입 매출 관리프로그램\매입 매출 관리프로그램\매입 매출 관리프로그램.cpp(90): warning C4477: 'scanf_s' : format string '%s' requires an argument of type 'int', but variadic argument 2 has type 'int *'
         c:\users\user\desktop\삭제 마시오\프로그래밍\테스팅\매입 매출 관리프로그램\매입 매출 관리프로그램\매입 매출 관리프로그램.cpp(90): note: this argument is used as a buffer size
     1>c:\users\user\desktop\삭제 마시오\프로그래밍\테스팅\매입 매출 관리프로그램\매입 매출 관리프로그램\매입 매출 관리프로그램.cpp(90): warning C4473: 'scanf_s': 서식 문자열에 대한 인수가 충분하게 전달되지 않았습니다.
         c:\users\user\desktop\삭제 마시오\프로그래밍\테스팅\매입 매출 관리프로그램\매입 매출 관리프로그램\매입 매출 관리프로그램.cpp(90): note: placeholders and their parameters expect 3 variadic arguments, but 2 were provided
         c:\users\user\desktop\삭제 마시오\프로그래밍\테스팅\매입 매출 관리프로그램\매입 매출 관리프로그램\매입 매출 관리프로그램.cpp(90): note: the missing variadic argument 3 is required by format string '%d'
     1>c:\users\user\desktop\삭제 마시오\프로그래밍\테스팅\매입 매출 관리프로그램\매입 매출 관리프로그램\매입 매출 관리프로그램.cpp(112): warning C4477: 'scanf_s' : format string '%s' requires an argument of type 'int', but variadic argument 2 has type 'int *'
         c:\users\user\desktop\삭제 마시오\프로그래밍\테스팅\매입 매출 관리프로그램\매입 매출 관리프로그램\매입 매출 관리프로그램.cpp(112): note: this argument is used as a buffer size
     1>c:\users\user\desktop\삭제 마시오\프로그래밍\테스팅\매입 매출 관리프로그램\매입 매출 관리프로그램\매입 매출 관리프로그램.cpp(112): warning C4473: 'scanf_s': 서식 문자열에 대한 인수가 충분하게 전달되지 않았습니다.
         c:\users\user\desktop\삭제 마시오\프로그래밍\테스팅\매입 매출 관리프로그램\매입 매출 관리프로그램\매입 매출 관리프로그램.cpp(112): note: placeholders and their parameters expect 3 variadic arguments, but 2 were provided
         c:\users\user\desktop\삭제 마시오\프로그래밍\테스팅\매입 매출 관리프로그램\매입 매출 관리프로그램\매입 매출 관리프로그램.cpp(112): note: the missing variadic argument 3 is required by format string '%d'
     1>c:\users\user\desktop\삭제 마시오\프로그래밍\테스팅\매입 매출 관리프로그램\매입 매출 관리프로그램\매입 매출 관리프로그램.cpp(106): warning C4101: 'temp_n' :참조되지 않은 지역 변수입니다.
       Link:
         C:\Program Files (x86)\Microsoft Visual Studio 14.0\VC\bin\link.exe /ERRORREPORT:PROMPT /OUT:"C:\Users\USER\Desktop\삭제 마시오\프로그래밍\테스팅\매입 매출 관리프로그램\Debug\매입 매출 관리프로그램.exe" /INCREMENTAL /NOLOGO kernel32.lib user32.lib gdi32.lib winspool.lib comdlg32.lib advapi32.lib shell32.lib ole32.lib oleaut32.lib uuid.lib odbc32.lib odbccp32.lib /MANIFEST /MANIFESTUAC:"level='asInvoker' uiAccess='false'" /manifest:embed /Debug /PDB:"C:\Users\USER\Desktop\삭제 마시오\프로그래밍\테스팅\매입 매출 관리프로그램\Debug\매입 매출 관리프로그램.pdb" /SUBSYSTEM:CONSOLE /TLBID:1 /DYNAMICBASE /NXCOMPAT /IMPLIB:"C:\Users\USER\Desktop\삭제 마시오\프로그래밍\테스팅\매입 매출 관리프로그램\Debug\매입 매출 관리프로그램.lib" /MACHINE:X86 Debug\stdafx.obj
         "Debug\매입 매출 관리프로그램.obj"
         매입 매출 관리프로그램.vcxproj -> C:\Users\USER\Desktop\삭제 마시오\프로그래밍\테스팅\매입 매출 관리프로그램\Debug\매입 매출 관리프로그램.exe
     1>"C:\Users\USER\Desktop\삭제 마시오\프로그래밍\테스팅\매입 매출 관리프로그램\매입 매출 관리프로그램\매입 매출 관리프로그램.vcxproj" 프로젝트를 빌드했습니다(Build 대상).

빌드했습니다.

경과 시간: 00:00:00.17
